android/app/build/intermediates/manifest_merge_blame_file/developmentRelease/manifest-merger-blame-development-release-report.txt
1<?xml version="1.0" encoding="utf-8"?>
2<manifest xmlns:android="http://schemas.android.com/apk/res/android"
3    package="aero.rogerwilco.app"
4    android:versionCode="14" >
5
6    <uses-sdk
7        android:minSdkVersion="21"
7-->src/main/AndroidManifest.xml
8        android:targetSdkVersion="30" />
8-->src/main/AndroidManifest.xml
9
10    <uses-permission android:name="android.permission.INTERNET" />
10-->src/main/AndroidManifest.xml:4:5-67
10-->src/main/AndroidManifest.xml:4:22-64
11    <uses-permission android:name="android.permission.READ_EXTERNAL_STORAGE" />
11-->src/main/AndroidManifest.xml:5:5-79
11-->src/main/AndroidManifest.xml:5:22-77
12    <uses-permission android:name="android.permission.VIBRATE" />
12-->src/main/AndroidManifest.xml:6:5-65
12-->src/main/AndroidManifest.xml:6:22-63
13    <uses-permission android:name="android.permission.ACCESS_NETWORK_STATE" />
13-->[:react-native-firebase_analytics] AndroidManifest.xml:9:5-79
13-->[:react-native-firebase_analytics] AndroidManifest.xml:9:22-76
14    <uses-permission android:name="android.permission.WAKE_LOCK" />
14-->[:react-native-firebase_analytics] AndroidManifest.xml:11:5-68
14-->[:react-native-firebase_analytics] AndroidManifest.xml:11:22-65
15    <uses-permission android:name="android.permission.WRITE_EXTERNAL_STORAGE" />
15-->[:baronha_react-native-multiple-image-picker] AndroidManifest.xml:9:5-81
15-->[:baronha_react-native-multiple-image-picker] AndroidManifest.xml:9:22-78
16
17    <queries>
17-->[:react-native-image-crop-picker] AndroidManifest.xml:9:5-13:15
18        <intent>
18-->[:react-native-image-crop-picker] AndroidManifest.xml:10:9-12:18
19            <action android:name="android.media.action.IMAGE_CAPTURE" />
19-->[:react-native-image-crop-picker] AndroidManifest.xml:11:13-73
19-->[:react-native-image-crop-picker] AndroidManifest.xml:11:21-70
20        </intent>
21        <intent>
21-->[io.intercom.android:intercom-sdk-base:10.3.0] AndroidManifest.xml:10:9-16:18
22            <action android:name="android.intent.action.VIEW" />
22-->src/main/AndroidManifest.xml:26:13-64
22-->src/main/AndroidManifest.xml:26:21-62
23
24            <category android:name="android.intent.category.BROWSABLE" />
24-->src/main/AndroidManifest.xml:28:13-73
24-->src/main/AndroidManifest.xml:28:23-71
25
26            <data android:scheme="https" />
26-->src/main/AndroidManifest.xml:29:13-31:41
26-->src/main/AndroidManifest.xml:31:17-39
27        </intent>
28    </queries> <!-- Required to access Google Play Licensing -->
29    <uses-permission android:name="com.android.vending.CHECK_LICENSE" /> <!-- Required to check whether Wi-Fi is enabled -->
29-->[:rn-fetch-blob] AndroidManifest.xml:10:5-73
29-->[:rn-fetch-blob] AndroidManifest.xml:10:22-70
30    <uses-permission android:name="android.permission.ACCESS_WIFI_STATE" /> <!-- Required by older versions of Google Play services to create IID tokens -->
30-->[:rn-fetch-blob] AndroidManifest.xml:28:5-76
30-->[:rn-fetch-blob] AndroidManifest.xml:28:22-73
31    <uses-permission android:name="com.google.android.c2dm.permission.RECEIVE" />
31-->[com.google.firebase:firebase-messaging:23.0.0] AndroidManifest.xml:25:5-82
31-->[com.google.firebase:firebase-messaging:23.0.0] AndroidManifest.xml:25:22-79
32    <uses-permission android:name="com.google.android.finsky.permission.BIND_GET_INSTALL_REFERRER_SERVICE" /> <!-- Include required permissions for Advertising Id -->
32-->[com.google.android.gms:play-services-measurement:20.1.0] AndroidManifest.xml:26:5-110
32-->[com.google.android.gms:play-services-measurement:20.1.0] AndroidManifest.xml:26:22-107
33    <uses-permission android:name="com.google.android.gms.permission.AD_ID" />
33-->[com.google.android.gms:play-services-ads-identifier:18.0.0] AndroidManifest.xml:23:5-79
33-->[com.google.android.gms:play-services-ads-identifier:18.0.0] AndroidManifest.xml:23:22-76
34
35    <application
35-->src/main/AndroidManifest.xml:8:5-41:19
36        android:name="aero.rogerwilco.app.MainApplication"
36-->src/main/AndroidManifest.xml:9:7-38
37        android:allowBackup="false"
37-->src/main/AndroidManifest.xml:13:7-34
38        android:appComponentFactory="androidx.core.app.CoreComponentFactory"
38-->[androidx.core:core:1.6.0] AndroidManifest.xml:24:18-86
39        android:icon="@mipmap/ic_launcher"
39-->src/main/AndroidManifest.xml:11:7-41
40        android:label="@string/app_name"
40-->src/main/AndroidManifest.xml:10:7-39
41        android:requestLegacyExternalStorage="true"
41-->[:baronha_react-native-multiple-image-picker] AndroidManifest.xml:11:18-61
42        android:roundIcon="@mipmap/ic_launcher_round"
42-->src/main/AndroidManifest.xml:12:7-52
43        android:theme="@style/AppTheme" >
43-->src/main/AndroidManifest.xml:14:7-38
44        <activity
44-->src/main/AndroidManifest.xml:15:7-39:18
45            android:name="aero.rogerwilco.app.MainActivity"
45-->src/main/AndroidManifest.xml:16:9-37
46            android:configChanges="keyboard|keyboardHidden|orientation|screenSize|uiMode"
46-->src/main/AndroidManifest.xml:18:9-86
47            android:label="@string/app_name"
47-->src/main/AndroidManifest.xml:17:9-41
48            android:launchMode="singleTask"
48-->src/main/AndroidManifest.xml:19:9-40
49            android:windowSoftInputMode="adjustResize" >
49-->src/main/AndroidManifest.xml:20:9-51
50            <intent-filter>
50-->src/main/AndroidManifest.xml:21:9-24:25
51                <action android:name="android.intent.action.MAIN" />
51-->src/main/AndroidManifest.xml:22:13-65
51-->src/main/AndroidManifest.xml:22:21-62
52
53                <category android:name="android.intent.category.LAUNCHER" />
53-->src/main/AndroidManifest.xml:23:13-73
53-->src/main/AndroidManifest.xml:23:23-70
54            </intent-filter>
55            <intent-filter android:autoVerify="true" >
55-->src/main/AndroidManifest.xml:25:11-38:27
55-->src/main/AndroidManifest.xml:25:26-51
56                <action android:name="android.intent.action.VIEW" />
56-->src/main/AndroidManifest.xml:26:13-64
56-->src/main/AndroidManifest.xml:26:21-62
57
58                <category android:name="android.intent.category.DEFAULT" />
58-->src/main/AndroidManifest.xml:27:13-71
58-->src/main/AndroidManifest.xml:27:23-69
59                <category android:name="android.intent.category.BROWSABLE" />
59-->src/main/AndroidManifest.xml:28:13-73
59-->src/main/AndroidManifest.xml:28:23-71
60
61                <data
61-->src/main/AndroidManifest.xml:29:13-31:41
62                    android:host="wilcodev.page.link"
62-->src/main/AndroidManifest.xml:30:17-50
63                    android:scheme="https" />
63-->src/main/AndroidManifest.xml:31:17-39
64                <data
64-->src/main/AndroidManifest.xml:29:13-31:41
65                    android:host="wilcostg.page.link"
65-->src/main/AndroidManifest.xml:30:17-50
66                    android:scheme="https" />
66-->src/main/AndroidManifest.xml:31:17-39
67                <data
67-->src/main/AndroidManifest.xml:29:13-31:41
68                    android:host="rogerwilco.page.link"
68-->src/main/AndroidManifest.xml:30:17-50
69                    android:scheme="https" />
69-->src/main/AndroidManifest.xml:31:17-39
70            </intent-filter>
71        </activity>
72        <activity android:name="com.yalantis.ucrop.UCropActivity" />
72-->src/main/AndroidManifest.xml:40:7-95
72-->src/main/AndroidManifest.xml:40:17-64
73
74        <meta-data
74-->[:react-native-firebase_analytics] AndroidManifest.xml:14:9-16:36
75            android:name="firebase_analytics_collection_enabled"
75-->[:react-native-firebase_analytics] AndroidManifest.xml:15:13-65
76            android:value="true" />
76-->[:react-native-firebase_analytics] AndroidManifest.xml:16:13-33
77        <meta-data
77-->[:react-native-firebase_analytics] AndroidManifest.xml:17:9-19:37
78            android:name="firebase_analytics_collection_deactivated"
78-->[:react-native-firebase_analytics] AndroidManifest.xml:18:13-69
79            android:value="false" />
79-->[:react-native-firebase_analytics] AndroidManifest.xml:19:13-34
80        <meta-data
80-->[:react-native-firebase_analytics] AndroidManifest.xml:20:9-22:36
81            android:name="google_analytics_adid_collection_enabled"
81-->[:react-native-firebase_analytics] AndroidManifest.xml:21:13-68
82            android:value="true" />
82-->[:react-native-firebase_analytics] AndroidManifest.xml:22:13-33
83        <meta-data
83-->[:react-native-firebase_analytics] AndroidManifest.xml:23:9-25:36
84            android:name="google_analytics_ssaid_collection_enabled"
84-->[:react-native-firebase_analytics] AndroidManifest.xml:24:13-69
85            android:value="true" />
85-->[:react-native-firebase_analytics] AndroidManifest.xml:25:13-33
86        <meta-data
86-->[:react-native-firebase_analytics] AndroidManifest.xml:26:9-28:36
87            android:name="google_analytics_default_allow_ad_personalization_signals"
87-->[:react-native-firebase_analytics] AndroidManifest.xml:27:13-85
88            android:value="true" />
88-->[:react-native-firebase_analytics] AndroidManifest.xml:28:13-33
89        <meta-data
89-->[:react-native-firebase_analytics] AndroidManifest.xml:29:9-31:36
90            android:name="google_analytics_automatic_screen_reporting_enabled"
90-->[:react-native-firebase_analytics] AndroidManifest.xml:30:13-79
91            android:value="true" /> <!-- Disable crashlytics by default so we can custom init with CrashlyticsNdk support -->
91-->[:react-native-firebase_analytics] AndroidManifest.xml:31:13-33
92        <meta-data
92-->[:react-native-firebase_crashlytics] AndroidManifest.xml:12:9-14:37
93            android:name="firebase_crashlytics_collection_enabled"
93-->[:react-native-firebase_crashlytics] AndroidManifest.xml:13:13-67
94            android:value="false" />
94-->[:react-native-firebase_crashlytics] AndroidManifest.xml:14:13-34
95
96        <provider
96-->[:react-native-firebase_crashlytics] AndroidManifest.xml:16:9-20:38
97            android:name="io.invertase.firebase.crashlytics.ReactNativeFirebaseCrashlyticsInitProvider"
97-->[:react-native-firebase_crashlytics] AndroidManifest.xml:17:13-104
98            android:authorities="aero.rogerwilco.app.reactnativefirebasecrashlyticsinitprovider"
98-->[:react-native-firebase_crashlytics] AndroidManifest.xml:18:13-94
99            android:exported="false"
99-->[:react-native-firebase_crashlytics] AndroidManifest.xml:19:13-37
100            android:initOrder="98" />
100-->[:react-native-firebase_crashlytics] AndroidManifest.xml:20:13-35
101
102        <service android:name="io.invertase.firebase.messaging.ReactNativeFirebaseMessagingHeadlessService" />
102-->[:react-native-firebase_messaging] AndroidManifest.xml:14:9-111
102-->[:react-native-firebase_messaging] AndroidManifest.xml:14:18-108
103        <service
103-->[:react-native-firebase_messaging] AndroidManifest.xml:15:9-21:19
104            android:name="io.invertase.firebase.messaging.ReactNativeFirebaseMessagingService"
104-->[:react-native-firebase_messaging] AndroidManifest.xml:16:13-95
105            android:exported="false" >
105-->[:react-native-firebase_messaging] AndroidManifest.xml:17:13-37
106            <intent-filter>
106-->[:react-native-firebase_messaging] AndroidManifest.xml:18:13-20:29
107                <action android:name="com.google.firebase.MESSAGING_EVENT" />
107-->[:react-native-firebase_messaging] AndroidManifest.xml:19:17-78
107-->[:react-native-firebase_messaging] AndroidManifest.xml:19:25-75
108            </intent-filter>
109        </service>
110
111        <receiver
111-->[:react-native-firebase_messaging] AndroidManifest.xml:23:9-30:20
112            android:name="io.invertase.firebase.messaging.ReactNativeFirebaseMessagingReceiver"
112-->[:react-native-firebase_messaging] AndroidManifest.xml:24:13-96
113            android:exported="true"
113-->[:react-native-firebase_messaging] AndroidManifest.xml:25:13-36
114            android:permission="com.google.android.c2dm.permission.SEND" >
114-->[:react-native-firebase_messaging] AndroidManifest.xml:26:13-73
115            <intent-filter>
115-->[:react-native-firebase_messaging] AndroidManifest.xml:27:13-29:29
116                <action android:name="com.google.android.c2dm.intent.RECEIVE" />
116-->[:react-native-firebase_messaging] AndroidManifest.xml:28:17-81
116-->[:react-native-firebase_messaging] AndroidManifest.xml:28:25-78
117            </intent-filter>
118        </receiver>
119
120        <meta-data
120-->[:react-native-firebase_messaging] AndroidManifest.xml:32:9-34:36
121            android:name="firebase_messaging_auto_init_enabled"
121-->[:react-native-firebase_messaging] AndroidManifest.xml:33:13-64
122            android:value="true" />
122-->[:react-native-firebase_messaging] AndroidManifest.xml:34:13-33
123        <meta-data
123-->[:react-native-firebase_messaging] AndroidManifest.xml:35:9-37:32
124            android:name="com.google.firebase.messaging.default_notification_channel_id"
124-->[:react-native-firebase_messaging] AndroidManifest.xml:36:13-89
125            android:value="" />
125-->[:react-native-firebase_messaging] AndroidManifest.xml:37:13-29
126        <meta-data
126-->[:react-native-firebase_messaging] AndroidManifest.xml:38:9-40:47
127            android:name="com.google.firebase.messaging.default_notification_color"
127-->[:react-native-firebase_messaging] AndroidManifest.xml:39:13-84
128            android:resource="@color/white" />
128-->[:react-native-firebase_messaging] AndroidManifest.xml:40:13-44
129        <meta-data
129-->[:react-native-firebase_perf] AndroidManifest.xml:10:9-12:36
130            android:name="firebase_performance_collection_enabled"
130-->[:react-native-firebase_perf] AndroidManifest.xml:11:13-67
131            android:value="true" />
131-->[:react-native-firebase_perf] AndroidManifest.xml:12:13-33
132        <meta-data
132-->[:react-native-firebase_perf] AndroidManifest.xml:13:9-15:37
133            android:name="firebase_performance_collection_deactivated"
133-->[:react-native-firebase_perf] AndroidManifest.xml:14:13-71
134            android:value="false" />
134-->[:react-native-firebase_perf] AndroidManifest.xml:15:13-34
135        <meta-data
135-->[:react-native-firebase_app] AndroidManifest.xml:10:9-12:36
136            android:name="app_data_collection_default_enabled"
136-->[:react-native-firebase_app] AndroidManifest.xml:11:13-63
137            android:value="true" />
137-->[:react-native-firebase_app] AndroidManifest.xml:12:13-33
138
139        <service
139-->[:react-native-firebase_app] AndroidManifest.xml:14:9-18:19
140            android:name="com.google.firebase.components.ComponentDiscoveryService"
140-->[:react-native-firebase_app] AndroidManifest.xml:14:18-89
141            android:directBootAware="true"
141-->[com.google.firebase:firebase-common:20.0.0] AndroidManifest.xml:35:13-43
142            android:exported="false" >
142-->[com.google.firebase:firebase-auth:21.0.1] AndroidManifest.xml:76:13-37
143            <meta-data
143-->[:react-native-firebase_app] AndroidManifest.xml:15:13-17:85
144                android:name="com.google.firebase.components:io.invertase.firebase.app.ReactNativeFirebaseAppRegistrar"
144-->[:react-native-firebase_app] AndroidManifest.xml:16:17-120
145                android:value="com.google.firebase.components.ComponentRegistrar" />
145-->[:react-native-firebase_app] AndroidManifest.xml:17:17-82
146            <meta-data
146-->[com.google.firebase:firebase-auth:21.0.1] AndroidManifest.xml:77:13-79:85
147                android:name="com.google.firebase.components:com.google.firebase.auth.FirebaseAuthRegistrar"
147-->[com.google.firebase:firebase-auth:21.0.1] AndroidManifest.xml:78:17-109
148                android:value="com.google.firebase.components.ComponentRegistrar" />
148-->[com.google.firebase:firebase-auth:21.0.1] AndroidManifest.xml:79:17-82
149            <meta-data
149-->[com.google.firebase:firebase-perf:20.0.5] AndroidManifest.xml:23:13-25:85
150                android:name="com.google.firebase.components:com.google.firebase.perf.FirebasePerfRegistrar"
150-->[com.google.firebase:firebase-perf:20.0.5] AndroidManifest.xml:24:17-109
151                android:value="com.google.firebase.components.ComponentRegistrar" />
151-->[com.google.firebase:firebase-perf:20.0.5] AndroidManifest.xml:25:17-82
152            <meta-data
152-->[com.google.firebase:firebase-crashlytics-ndk:18.2.8] AndroidManifest.xml:35:13-37:85
153                android:name="com.google.firebase.components:com.google.firebase.crashlytics.ndk.CrashlyticsNdkRegistrar"
153-->[com.google.firebase:firebase-crashlytics-ndk:18.2.8] AndroidManifest.xml:36:17-122
154                android:value="com.google.firebase.components.ComponentRegistrar" />
154-->[com.google.firebase:firebase-crashlytics-ndk:18.2.8] AndroidManifest.xml:37:17-82
155            <meta-data
155-->[com.google.firebase:firebase-crashlytics:18.2.8] AndroidManifest.xml:18:13-20:85
156                android:name="com.google.firebase.components:com.google.firebase.crashlytics.CrashlyticsRegistrar"
156-->[com.google.firebase:firebase-crashlytics:18.2.8] AndroidManifest.xml:19:17-115
157                android:value="com.google.firebase.components.ComponentRegistrar" />
157-->[com.google.firebase:firebase-crashlytics:18.2.8] AndroidManifest.xml:20:17-82
158            <meta-data
158-->[com.google.firebase:firebase-messaging:23.0.0] AndroidManifest.xml:52:13-54:85
159                android:name="com.google.firebase.components:com.google.firebase.messaging.FirebaseMessagingRegistrar"
159-->[com.google.firebase:firebase-messaging:23.0.0] AndroidManifest.xml:53:17-119
160                android:value="com.google.firebase.components.ComponentRegistrar" />
160-->[com.google.firebase:firebase-messaging:23.0.0] AndroidManifest.xml:54:17-82
161            <meta-data
161-->[com.google.firebase:firebase-datatransport:18.1.0] AndroidManifest.xml:28:13-30:85
162                android:name="com.google.firebase.components:com.google.firebase.datatransport.TransportRegistrar"
162-->[com.google.firebase:firebase-datatransport:18.1.0] AndroidManifest.xml:29:17-115
163                android:value="com.google.firebase.components.ComponentRegistrar" />
163-->[com.google.firebase:firebase-datatransport:18.1.0] AndroidManifest.xml:30:17-82
164            <meta-data
164-->[com.google.firebase:firebase-config:21.0.1] AndroidManifest.xml:32:13-34:85
165                android:name="com.google.firebase.components:com.google.firebase.remoteconfig.RemoteConfigRegistrar"
165-->[com.google.firebase:firebase-config:21.0.1] AndroidManifest.xml:33:17-117
166                android:value="com.google.firebase.components.ComponentRegistrar" />
166-->[com.google.firebase:firebase-config:21.0.1] AndroidManifest.xml:34:17-82
167            <meta-data
167-->[com.google.firebase:firebase-dynamic-links:21.0.0] AndroidManifest.xml:27:13-29:85
168                android:name="com.google.firebase.components:com.google.firebase.dynamiclinks.internal.FirebaseDynamicLinkRegistrar"
168-->[com.google.firebase:firebase-dynamic-links:21.0.0] AndroidManifest.xml:28:17-133
169                android:value="com.google.firebase.components.ComponentRegistrar" />
169-->[com.google.firebase:firebase-dynamic-links:21.0.0] AndroidManifest.xml:29:17-82
170            <meta-data
170-->[com.google.android.gms:play-services-measurement-api:20.1.0] AndroidManifest.xml:30:13-32:85
171                android:name="com.google.firebase.components:com.google.firebase.analytics.connector.internal.AnalyticsConnectorRegistrar"
171-->[com.google.android.gms:play-services-measurement-api:20.1.0] AndroidManifest.xml:31:17-139
172                android:value="com.google.firebase.components.ComponentRegistrar" />
172-->[com.google.android.gms:play-services-measurement-api:20.1.0] AndroidManifest.xml:32:17-82
173            <meta-data
173-->[com.google.firebase:firebase-installations:17.0.0] AndroidManifest.xml:18:13-20:85
174                android:name="com.google.firebase.components:com.google.firebase.installations.FirebaseInstallationsRegistrar"
174-->[com.google.firebase:firebase-installations:17.0.0] AndroidManifest.xml:19:17-127
175                android:value="com.google.firebase.components.ComponentRegistrar" />
175-->[com.google.firebase:firebase-installations:17.0.0] AndroidManifest.xml:20:17-82
176            <meta-data
176-->[com.google.firebase:firebase-abt:21.0.0] AndroidManifest.xml:13:13-15:85
177                android:name="com.google.firebase.components:com.google.firebase.abt.component.AbtRegistrar"
177-->[com.google.firebase:firebase-abt:21.0.0] AndroidManifest.xml:14:17-109
178                android:value="com.google.firebase.components.ComponentRegistrar" />
178-->[com.google.firebase:firebase-abt:21.0.0] AndroidManifest.xml:15:17-82
179        </service>
180
181        <provider
181-->[:react-native-firebase_app] AndroidManifest.xml:20:9-24:38
182            android:name="io.invertase.firebase.app.ReactNativeFirebaseAppInitProvider"
182-->[:react-native-firebase_app] AndroidManifest.xml:21:13-88
183            android:authorities="aero.rogerwilco.app.reactnativefirebaseappinitprovider"
183-->[:react-native-firebase_app] AndroidManifest.xml:22:13-86
184            android:exported="false"
184-->[:react-native-firebase_app] AndroidManifest.xml:23:13-37
185            android:initOrder="99" />
185-->[:react-native-firebase_app] AndroidManifest.xml:24:13-35
186        <provider
186-->[:react-native-image-crop-picker] AndroidManifest.xml:18:9-26:20
187            android:name="androidx.core.content.FileProvider"
187-->[:react-native-image-crop-picker] AndroidManifest.xml:19:13-62
188            android:authorities="aero.rogerwilco.app.provider"
188-->[:react-native-image-crop-picker] AndroidManifest.xml:20:13-60
189            android:exported="false"
189-->[:react-native-image-crop-picker] AndroidManifest.xml:21:13-37
190            android:grantUriPermissions="true" >
190-->[:react-native-image-crop-picker] AndroidManifest.xml:22:13-47
191            <meta-data
191-->[:react-native-image-crop-picker] AndroidManifest.xml:23:13-25:58
192                android:name="android.support.FILE_PROVIDER_PATHS"
192-->[:react-native-image-crop-picker] AndroidManifest.xml:24:17-67
193                android:resource="@xml/provider_paths" />
193-->[:react-native-image-crop-picker] AndroidManifest.xml:25:17-55
194        </provider>
195        <provider
195-->[:react-native-image-picker] AndroidManifest.xml:10:9-18:20
196            android:name="com.imagepicker.ImagePickerProvider"
196-->[:react-native-image-picker] AndroidManifest.xml:11:13-63
197            android:authorities="aero.rogerwilco.app.imagepickerprovider"
197-->[:react-native-image-picker] AndroidManifest.xml:12:13-71
198            android:exported="false"
198-->[:react-native-image-picker] AndroidManifest.xml:13:13-37
199            android:grantUriPermissions="true" >
199-->[:react-native-image-picker] AndroidManifest.xml:14:13-47
200            <meta-data
200-->[:react-native-image-crop-picker] AndroidManifest.xml:23:13-25:58
201                android:name="android.support.FILE_PROVIDER_PATHS"
201-->[:react-native-image-crop-picker] AndroidManifest.xml:24:17-67
202                android:resource="@xml/imagepicker_provider_paths" />
202-->[:react-native-image-crop-picker] AndroidManifest.xml:25:17-55
203        </provider>
204        <provider
204-->[:react-native-webview] AndroidManifest.xml:10:9-18:20
205            android:name="com.reactnativecommunity.webview.RNCWebViewFileProvider"
205-->[:react-native-webview] AndroidManifest.xml:11:13-83
206            android:authorities="aero.rogerwilco.app.fileprovider"
206-->[:react-native-webview] AndroidManifest.xml:12:13-64
207            android:exported="false"
207-->[:react-native-webview] AndroidManifest.xml:13:13-37
208            android:grantUriPermissions="true" >
208-->[:react-native-webview] AndroidManifest.xml:14:13-47
209            <meta-data
209-->[:react-native-image-crop-picker] AndroidManifest.xml:23:13-25:58
210                android:name="android.support.FILE_PROVIDER_PATHS"
210-->[:react-native-image-crop-picker] AndroidManifest.xml:24:17-67
211                android:resource="@xml/file_provider_paths" />
211-->[:react-native-image-crop-picker] AndroidManifest.xml:25:17-55
212        </provider>
213        <provider
213-->[:rn-fetch-blob] AndroidManifest.xml:34:9-42:20
214            android:name="com.RNFetchBlob.Utils.FileProvider"
214-->[:rn-fetch-blob] AndroidManifest.xml:35:13-62
215            android:authorities="aero.rogerwilco.app.provider"
215-->[:rn-fetch-blob] AndroidManifest.xml:36:13-60
216            android:exported="false"
216-->[:rn-fetch-blob] AndroidManifest.xml:37:13-37
217            android:grantUriPermissions="true" >
217-->[:rn-fetch-blob] AndroidManifest.xml:38:13-47
218            <meta-data
218-->[:react-native-image-crop-picker] AndroidManifest.xml:23:13-25:58
219                android:name="android.support.FILE_PROVIDER_PATHS"
219-->[:react-native-image-crop-picker] AndroidManifest.xml:24:17-67
220                android:resource="@xml/provider_paths" />
220-->[:react-native-image-crop-picker] AndroidManifest.xml:25:17-55
221        </provider>
222
223        <activity
223-->[com.google.firebase:firebase-auth:21.0.1] AndroidManifest.xml:27:9-44:20
224            android:name="com.google.firebase.auth.internal.GenericIdpActivity"
224-->[com.google.firebase:firebase-auth:21.0.1] AndroidManifest.xml:28:13-80
225            android:excludeFromRecents="true"
225-->[com.google.firebase:firebase-auth:21.0.1] AndroidManifest.xml:29:13-46
226            android:exported="true"
226-->[com.google.firebase:firebase-auth:21.0.1] AndroidManifest.xml:30:13-36
227            android:launchMode="singleTask"
227-->[com.google.firebase:firebase-auth:21.0.1] AndroidManifest.xml:31:13-44
228            android:theme="@android:style/Theme.Translucent.NoTitleBar" >
228-->[com.google.firebase:firebase-auth:21.0.1] AndroidManifest.xml:32:13-72
229            <intent-filter>
229-->[com.google.firebase:firebase-auth:21.0.1] AndroidManifest.xml:33:13-43:29
230                <action android:name="android.intent.action.VIEW" />
230-->src/main/AndroidManifest.xml:26:13-64
230-->src/main/AndroidManifest.xml:26:21-62
231
232                <category android:name="android.intent.category.DEFAULT" />
232-->src/main/AndroidManifest.xml:27:13-71
232-->src/main/AndroidManifest.xml:27:23-69
233                <category android:name="android.intent.category.BROWSABLE" />
233-->src/main/AndroidManifest.xml:28:13-73
233-->src/main/AndroidManifest.xml:28:23-71
234
235                <data
235-->src/main/AndroidManifest.xml:29:13-31:41
236                    android:host="firebase.auth"
236-->src/main/AndroidManifest.xml:30:17-50
237                    android:path="/"
238                    android:scheme="genericidp" />
238-->src/main/AndroidManifest.xml:31:17-39
239            </intent-filter>
240        </activity>
241        <activity
241-->[com.google.firebase:firebase-auth:21.0.1] AndroidManifest.xml:45:9-62:20
242            android:name="com.google.firebase.auth.internal.RecaptchaActivity"
242-->[com.google.firebase:firebase-auth:21.0.1] AndroidManifest.xml:46:13-79
243            android:excludeFromRecents="true"
243-->[com.google.firebase:firebase-auth:21.0.1] AndroidManifest.xml:47:13-46
244            android:exported="true"
244-->[com.google.firebase:firebase-auth:21.0.1] AndroidManifest.xml:48:13-36
245            android:launchMode="singleTask"
245-->[com.google.firebase:firebase-auth:21.0.1] AndroidManifest.xml:49:13-44
246            android:theme="@android:style/Theme.Translucent.NoTitleBar" >
246-->[com.google.firebase:firebase-auth:21.0.1] AndroidManifest.xml:50:13-72
247            <intent-filter>
247-->[com.google.firebase:firebase-auth:21.0.1] AndroidManifest.xml:51:13-61:29
248                <action android:name="android.intent.action.VIEW" />
248-->src/main/AndroidManifest.xml:26:13-64
248-->src/main/AndroidManifest.xml:26:21-62
249
250                <category android:name="android.intent.category.DEFAULT" />
250-->src/main/AndroidManifest.xml:27:13-71
250-->src/main/AndroidManifest.xml:27:23-69
251                <category android:name="android.intent.category.BROWSABLE" />
251-->src/main/AndroidManifest.xml:28:13-73
251-->src/main/AndroidManifest.xml:28:23-71
252
253                <data
253-->src/main/AndroidManifest.xml:29:13-31:41
254                    android:host="firebase.auth"
254-->src/main/AndroidManifest.xml:30:17-50
255                    android:path="/"
256                    android:scheme="recaptcha" />
256-->src/main/AndroidManifest.xml:31:17-39
257            </intent-filter>
258        </activity>
259
260        <service
260-->[com.google.firebase:firebase-auth:21.0.1] AndroidManifest.xml:64:9-73:19
261            android:name="com.google.firebase.auth.api.fallback.service.FirebaseAuthFallbackService"
261-->[com.google.firebase:firebase-auth:21.0.1] AndroidManifest.xml:65:13-101
262            android:enabled="true"
262-->[com.google.firebase:firebase-auth:21.0.1] AndroidManifest.xml:66:13-35
263            android:exported="false" >
263-->[com.google.firebase:firebase-auth:21.0.1] AndroidManifest.xml:67:13-37
264            <intent-filter>
264-->[com.google.firebase:firebase-auth:21.0.1] AndroidManifest.xml:68:13-72:29
265                <action android:name="com.google.firebase.auth.api.gms.service.START" />
265-->[com.google.firebase:firebase-auth:21.0.1] AndroidManifest.xml:69:17-89
265-->[com.google.firebase:firebase-auth:21.0.1] AndroidManifest.xml:69:25-86
266
267                <category android:name="android.intent.category.DEFAULT" />
267-->src/main/AndroidManifest.xml:27:13-71
267-->src/main/AndroidManifest.xml:27:23-69
268            </intent-filter>
269        </service>
270
271        <provider